Performing C SOURCE FILE Test CMAKE_HAVE_LIBC_PTHREAD failed with the following output:
Change Dir: /home/ezequiel/Documents/Carrera/Algo_II/Labo/L06/cmake-build-debug/CMakeFiles/CMakeTmp

Run Build Command(s):/usr/bin/make cmTC_83ffe/fast && /usr/bin/make  -f CMakeFiles/cmTC_83ffe.dir/build.make CMakeFiles/cmTC_83ffe.dir/build
make[1]: Entering directory '/home/ezequiel/Documents/Carrera/Algo_II/Labo/L06/cmake-build-debug/CMakeFiles/CMakeTmp'
Building C object CMakeFiles/cmTC_83ffe.dir/src.c.o
/usr/bin/cc   -DCMAKE_HAVE_LIBC_PTHREAD   -o CMakeFiles/cmTC_83ffe.dir/src.c.o   -c /home/ezequiel/Documents/Carrera/Algo_II/Labo/L06/cmake-build-debug/CMakeFiles/CMakeTmp/src.c
Linking C executable cmTC_83ffe
/opt/clion-2020.2.1/bin/cmake/linux/bin/cmake -E cmake_link_script CMakeFiles/cmTC_83ffe.dir/link.txt --verbose=1
/usr/bin/cc  -DCMAKE_HAVE_LIBC_PTHREAD    -rdynamic CMakeFiles/cmTC_83ffe.dir/src.c.o  -o cmTC_83ffe 
/usr/bin/ld: CMakeFiles/cmTC_83ffe.dir/src.c.o: in function `main':
src.c:(.text+0x46): undefined reference to `pthread_create'
/usr/bin/ld: src.c:(.text+0x52): undefined reference to `pthread_detach'
/usr/bin/ld: src.c:(.text+0x5e): undefined reference to `pthread_cancel'
/usr/bin/ld: src.c:(.text+0x6f): undefined reference to `pthread_join'
collect2: error: ld returned 1 exit status
make[1]: *** [CMakeFiles/cmTC_83ffe.dir/build.make:107: cmTC_83ffe] Error 1
make[1]: Leaving directory '/home/ezequiel/Documents/Carrera/Algo_II/Labo/L06/cmake-build-debug/CMakeFiles/CMakeTmp'
make: *** [Makefile:141: cmTC_83ffe/fast] Error 2


Source file was:
#include <pthread.h>

void* test_func(void* data)
{
  return data;
}

int main(void)
{
  pthread_t thread;
  pthread_create(&thread, NULL, test_func, NULL);
  pthread_detach(thread);
  pthread_cancel(thread);
  pthread_join(thread, NULL);
  pthread_atfork(NULL, NULL, NULL);
  pthread_exit(NULL);

  return 0;
}

Determining if the function pthread_create exists in the pthreads failed with the following output:
Change Dir: /home/ezequiel/Documents/Carrera/Algo_II/Labo/L06/cmake-build-debug/CMakeFiles/CMakeTmp

Run Build Command(s):/usr/bin/make cmTC_5a894/fast && /usr/bin/make  -f CMakeFiles/cmTC_5a894.dir/build.make CMakeFiles/cmTC_5a894.dir/build
make[1]: Entering directory '/home/ezequiel/Documents/Carrera/Algo_II/Labo/L06/cmake-build-debug/CMakeFiles/CMakeTmp'
Building C object CMakeFiles/cmTC_5a894.dir/CheckFunctionExists.c.o
/usr/bin/cc   -DCHECK_FUNCTION_EXISTS=pthread_create   -o CMakeFiles/cmTC_5a894.dir/CheckFunctionExists.c.o   -c /opt/clion-2020.2.1/bin/cmake/linux/share/cmake-3.17/Modules/CheckFunctionExists.c
Linking C executable cmTC_5a894
/opt/clion-2020.2.1/bin/cmake/linux/bin/cmake -E cmake_link_script CMakeFiles/cmTC_5a894.dir/link.txt --verbose=1
/usr/bin/cc  -DCHECK_FUNCTION_EXISTS=pthread_create    -rdynamic CMakeFiles/cmTC_5a894.dir/CheckFunctionExists.c.o  -o cmTC_5a894  -lpthreads 
/usr/bin/ld: cannot find -lpthreads
collect2: error: ld returned 1 exit status
make[1]: *** [CMakeFiles/cmTC_5a894.dir/build.make:107: cmTC_5a894] Error 1
make[1]: Leaving directory '/home/ezequiel/Documents/Carrera/Algo_II/Labo/L06/cmake-build-debug/CMakeFiles/CMakeTmp'
make: *** [Makefile:141: cmTC_5a894/fast] Error 2



